<?xml version="1.0" encoding="UTF-8"?>
<testsuite xmlns:xsi="http://www.w3.org/2001/XMLSchema-instance" xsi:noNamespaceSchemaLocation="https://maven.apache.org/surefire/maven-surefire-plugin/xsd/surefire-test-report-3.0.xsd" version="3.0" name="edu.yu.cs.com1320.project.stage3.impl.DocumentStoreImplTest" time="0.175" tests="65" errors="0" skipped="0" failures="0">
  <properties>
    <property name="gopherProxySet" value="false"/>
    <property name="awt.toolkit" value="sun.lwawt.macosx.LWCToolkit"/>
    <property name="java.specification.version" value="11"/>
    <property name="sun.cpu.isalist" value=""/>
    <property name="sun.jnu.encoding" value="UTF-8"/>
    <property name="java.class.path" value="/Users/adamfrenkel/Desktop/Code/YU/Frenkel_Adam_800552202/DataStructures/project/stage3/target/test-classes:/Users/adamfrenkel/Desktop/Code/YU/Frenkel_Adam_800552202/DataStructures/project/stage3/target/classes:/Users/adamfrenkel/.m2/repository/org/junit/jupiter/junit-jupiter-api/5.7.1/junit-jupiter-api-5.7.1.jar:/Users/adamfrenkel/.m2/repository/org/apiguardian/apiguardian-api/1.1.0/apiguardian-api-1.1.0.jar:/Users/adamfrenkel/.m2/repository/org/opentest4j/opentest4j/1.2.0/opentest4j-1.2.0.jar:/Users/adamfrenkel/.m2/repository/org/junit/platform/junit-platform-commons/1.7.1/junit-platform-commons-1.7.1.jar:/Users/adamfrenkel/.m2/repository/org/junit/jupiter/junit-jupiter-engine/5.7.1/junit-jupiter-engine-5.7.1.jar:/Users/adamfrenkel/.m2/repository/org/junit/platform/junit-platform-engine/1.7.1/junit-platform-engine-1.7.1.jar:/Users/adamfrenkel/.m2/repository/junit/junit/4.13/junit-4.13.jar:/Users/adamfrenkel/.m2/repository/org/hamcrest/hamcrest-core/1.3/hamcrest-core-1.3.jar:/Users/adamfrenkel/.m2/repository/org/junit/vintage/junit-vintage-engine/5.7.1/junit-vintage-engine-5.7.1.jar:/Users/adamfrenkel/.m2/repository/org/apache/maven/plugins/maven-surefire-plugin/3.0.0-M5/maven-surefire-plugin-3.0.0-M5.jar:/Users/adamfrenkel/.m2/repository/org/apache/maven/surefire/maven-surefire-common/3.0.0-M5/maven-surefire-common-3.0.0-M5.jar:/Users/adamfrenkel/.m2/repository/org/apache/maven/surefire/surefire-api/3.0.0-M5/surefire-api-3.0.0-M5.jar:/Users/adamfrenkel/.m2/repository/org/apache/maven/surefire/surefire-logger-api/3.0.0-M5/surefire-logger-api-3.0.0-M5.jar:/Users/adamfrenkel/.m2/repository/org/apache/maven/surefire/surefire-extensions-api/3.0.0-M5/surefire-extensions-api-3.0.0-M5.jar:/Users/adamfrenkel/.m2/repository/org/apache/maven/surefire/surefire-booter/3.0.0-M5/surefire-booter-3.0.0-M5.jar:/Users/adamfrenkel/.m2/repository/org/apache/maven/surefire/surefire-extensions-spi/3.0.0-M5/surefire-extensions-spi-3.0.0-M5.jar:/Users/adamfrenkel/.m2/repository/org/apache/maven/maven-toolchain/3.0-alpha-2/maven-toolchain-3.0-alpha-2.jar:/Users/adamfrenkel/.m2/repository/org/apache/maven/shared/maven-artifact-transfer/0.11.0/maven-artifact-transfer-0.11.0.jar:/Users/adamfrenkel/.m2/repository/org/apache/maven/shared/maven-common-artifact-filters/3.0.1/maven-common-artifact-filters-3.0.1.jar:/Users/adamfrenkel/.m2/repository/org/apache/maven/maven-model/3.0/maven-model-3.0.jar:/Users/adamfrenkel/.m2/repository/org/apache/maven/maven-plugin-api/3.0/maven-plugin-api-3.0.jar:/Users/adamfrenkel/.m2/repository/org/sonatype/sisu/sisu-inject-plexus/1.4.2/sisu-inject-plexus-1.4.2.jar:/Users/adamfrenkel/.m2/repository/org/codehaus/plexus/plexus-classworlds/2.2.3/plexus-classworlds-2.2.3.jar:/Users/adamfrenkel/.m2/repository/org/sonatype/sisu/sisu-inject-bean/1.4.2/sisu-inject-bean-1.4.2.jar:/Users/adamfrenkel/.m2/repository/org/sonatype/sisu/sisu-guice/2.1.7/sisu-guice-2.1.7-noaop.jar:/Users/adamfrenkel/.m2/repository/org/apache/maven/shared/maven-shared-utils/3.1.0/maven-shared-utils-3.1.0.jar:/Users/adamfrenkel/.m2/repository/commons-io/commons-io/2.5/commons-io-2.5.jar:/Users/adamfrenkel/.m2/repository/commons-codec/commons-codec/1.11/commons-codec-1.11.jar:/Users/adamfrenkel/.m2/repository/org/codehaus/plexus/plexus-java/1.0.5/plexus-java-1.0.5.jar:/Users/adamfrenkel/.m2/repository/org/ow2/asm/asm/7.2/asm-7.2.jar:/Users/adamfrenkel/.m2/repository/com/thoughtworks/qdox/qdox/2.0-M9/qdox-2.0-M9.jar:/Users/adamfrenkel/.m2/repository/org/apache/maven/surefire/surefire-shared-utils/3.0.0-M4/surefire-shared-utils-3.0.0-M4.jar:"/>
    <property name="java.vm.vendor" value="Oracle Corporation"/>
    <property name="sun.arch.data.model" value="64"/>
    <property name="java.vendor.url" value="https://openjdk.java.net/"/>
    <property name="user.timezone" value=""/>
    <property name="java.vm.specification.version" value="11"/>
    <property name="os.name" value="Mac OS X"/>
    <property name="sun.java.launcher" value="SUN_STANDARD"/>
    <property name="user.country" value="US"/>
    <property name="sun.boot.library.path" value="/Library/Java/JavaVirtualMachines/jdk-11.0.10.jdk/Contents/Home/lib"/>
    <property name="sun.java.command" value="/Users/adamfrenkel/Desktop/Code/YU/Frenkel_Adam_800552202/DataStructures/project/stage3/target/surefire/surefirebooter3665834362584892020.jar /Users/adamfrenkel/Desktop/Code/YU/Frenkel_Adam_800552202/DataStructures/project/stage3/target/surefire 2021-03-24T17-27-06_757-jvmRun1 surefire17039124806053598941tmp surefire_06311733881183597293tmp"/>
    <property name="http.nonProxyHosts" value="local|*.local|169.254/16|*.169.254/16"/>
    <property name="jdk.debug" value="release"/>
    <property name="surefire.test.class.path" value="/Users/adamfrenkel/Desktop/Code/YU/Frenkel_Adam_800552202/DataStructures/project/stage3/target/test-classes:/Users/adamfrenkel/Desktop/Code/YU/Frenkel_Adam_800552202/DataStructures/project/stage3/target/classes:/Users/adamfrenkel/.m2/repository/org/junit/jupiter/junit-jupiter-api/5.7.1/junit-jupiter-api-5.7.1.jar:/Users/adamfrenkel/.m2/repository/org/apiguardian/apiguardian-api/1.1.0/apiguardian-api-1.1.0.jar:/Users/adamfrenkel/.m2/repository/org/opentest4j/opentest4j/1.2.0/opentest4j-1.2.0.jar:/Users/adamfrenkel/.m2/repository/org/junit/platform/junit-platform-commons/1.7.1/junit-platform-commons-1.7.1.jar:/Users/adamfrenkel/.m2/repository/org/junit/jupiter/junit-jupiter-engine/5.7.1/junit-jupiter-engine-5.7.1.jar:/Users/adamfrenkel/.m2/repository/org/junit/platform/junit-platform-engine/1.7.1/junit-platform-engine-1.7.1.jar:/Users/adamfrenkel/.m2/repository/junit/junit/4.13/junit-4.13.jar:/Users/adamfrenkel/.m2/repository/org/hamcrest/hamcrest-core/1.3/hamcrest-core-1.3.jar:/Users/adamfrenkel/.m2/repository/org/junit/vintage/junit-vintage-engine/5.7.1/junit-vintage-engine-5.7.1.jar:/Users/adamfrenkel/.m2/repository/org/apache/maven/plugins/maven-surefire-plugin/3.0.0-M5/maven-surefire-plugin-3.0.0-M5.jar:/Users/adamfrenkel/.m2/repository/org/apache/maven/surefire/maven-surefire-common/3.0.0-M5/maven-surefire-common-3.0.0-M5.jar:/Users/adamfrenkel/.m2/repository/org/apache/maven/surefire/surefire-api/3.0.0-M5/surefire-api-3.0.0-M5.jar:/Users/adamfrenkel/.m2/repository/org/apache/maven/surefire/surefire-logger-api/3.0.0-M5/surefire-logger-api-3.0.0-M5.jar:/Users/adamfrenkel/.m2/repository/org/apache/maven/surefire/surefire-extensions-api/3.0.0-M5/surefire-extensions-api-3.0.0-M5.jar:/Users/adamfrenkel/.m2/repository/org/apache/maven/surefire/surefire-booter/3.0.0-M5/surefire-booter-3.0.0-M5.jar:/Users/adamfrenkel/.m2/repository/org/apache/maven/surefire/surefire-extensions-spi/3.0.0-M5/surefire-extensions-spi-3.0.0-M5.jar:/Users/adamfrenkel/.m2/repository/org/apache/maven/maven-toolchain/3.0-alpha-2/maven-toolchain-3.0-alpha-2.jar:/Users/adamfrenkel/.m2/repository/org/apache/maven/shared/maven-artifact-transfer/0.11.0/maven-artifact-transfer-0.11.0.jar:/Users/adamfrenkel/.m2/repository/org/apache/maven/shared/maven-common-artifact-filters/3.0.1/maven-common-artifact-filters-3.0.1.jar:/Users/adamfrenkel/.m2/repository/org/apache/maven/maven-model/3.0/maven-model-3.0.jar:/Users/adamfrenkel/.m2/repository/org/apache/maven/maven-plugin-api/3.0/maven-plugin-api-3.0.jar:/Users/adamfrenkel/.m2/repository/org/sonatype/sisu/sisu-inject-plexus/1.4.2/sisu-inject-plexus-1.4.2.jar:/Users/adamfrenkel/.m2/repository/org/codehaus/plexus/plexus-classworlds/2.2.3/plexus-classworlds-2.2.3.jar:/Users/adamfrenkel/.m2/repository/org/sonatype/sisu/sisu-inject-bean/1.4.2/sisu-inject-bean-1.4.2.jar:/Users/adamfrenkel/.m2/repository/org/sonatype/sisu/sisu-guice/2.1.7/sisu-guice-2.1.7-noaop.jar:/Users/adamfrenkel/.m2/repository/org/apache/maven/shared/maven-shared-utils/3.1.0/maven-shared-utils-3.1.0.jar:/Users/adamfrenkel/.m2/repository/commons-io/commons-io/2.5/commons-io-2.5.jar:/Users/adamfrenkel/.m2/repository/commons-codec/commons-codec/1.11/commons-codec-1.11.jar:/Users/adamfrenkel/.m2/repository/org/codehaus/plexus/plexus-java/1.0.5/plexus-java-1.0.5.jar:/Users/adamfrenkel/.m2/repository/org/ow2/asm/asm/7.2/asm-7.2.jar:/Users/adamfrenkel/.m2/repository/com/thoughtworks/qdox/qdox/2.0-M9/qdox-2.0-M9.jar:/Users/adamfrenkel/.m2/repository/org/apache/maven/surefire/surefire-shared-utils/3.0.0-M4/surefire-shared-utils-3.0.0-M4.jar:"/>
    <property name="sun.cpu.endian" value="little"/>
    <property name="user.home" value="/Users/adamfrenkel"/>
    <property name="user.language" value="en"/>
    <property name="java.specification.vendor" value="Oracle Corporation"/>
    <property name="java.version.date" value="2021-01-19"/>
    <property name="java.home" value="/Library/Java/JavaVirtualMachines/jdk-11.0.10.jdk/Contents/Home"/>
    <property name="file.separator" value="/"/>
    <property name="basedir" value="/Users/adamfrenkel/Desktop/Code/YU/Frenkel_Adam_800552202/DataStructures/project/stage3"/>
    <property name="java.vm.compressedOopsMode" value="Zero based"/>
    <property name="line.separator" value="&#10;"/>
    <property name="java.specification.name" value="Java Platform API Specification"/>
    <property name="java.vm.specification.vendor" value="Oracle Corporation"/>
    <property name="java.awt.graphicsenv" value="sun.awt.CGraphicsEnvironment"/>
    <property name="surefire.real.class.path" value="/Users/adamfrenkel/Desktop/Code/YU/Frenkel_Adam_800552202/DataStructures/project/stage3/target/surefire/surefirebooter3665834362584892020.jar"/>
    <property name="sun.management.compiler" value="HotSpot 64-Bit Tiered Compilers"/>
    <property name="ftp.nonProxyHosts" value="local|*.local|169.254/16|*.169.254/16"/>
    <property name="java.runtime.version" value="11.0.10+8-LTS-162"/>
    <property name="user.name" value="adamfrenkel"/>
    <property name="path.separator" value=":"/>
    <property name="os.version" value="10.16"/>
    <property name="java.runtime.name" value="Java(TM) SE Runtime Environment"/>
    <property name="file.encoding" value="UTF-8"/>
    <property name="java.vm.name" value="Java HotSpot(TM) 64-Bit Server VM"/>
    <property name="java.vendor.version" value="18.9"/>
    <property name="localRepository" value="/Users/adamfrenkel/.m2/repository"/>
    <property name="java.vendor.url.bug" value="https://bugreport.java.com/bugreport/"/>
    <property name="java.io.tmpdir" value="/var/folders/kl/fmbsf1s96nb0s2tj8d5y_1k80000gn/T/"/>
    <property name="java.version" value="11.0.10"/>
    <property name="user.dir" value="/Users/adamfrenkel/Desktop/Code/YU/Frenkel_Adam_800552202/DataStructures/project/stage3"/>
    <property name="os.arch" value="x86_64"/>
    <property name="java.vm.specification.name" value="Java Virtual Machine Specification"/>
    <property name="java.awt.printerjob" value="sun.lwawt.macosx.CPrinterJob"/>
    <property name="sun.os.patch.level" value="unknown"/>
    <property name="java.library.path" value="/Users/adamfrenkel/Library/Java/Extensions:/Library/Java/Extensions:/Network/Library/Java/Extensions:/System/Library/Java/Extensions:/usr/lib/java:."/>
    <property name="java.vendor" value="Oracle Corporation"/>
    <property name="java.vm.info" value="mixed mode"/>
    <property name="java.vm.version" value="11.0.10+8-LTS-162"/>
    <property name="sun.io.unicode.encoding" value="UnicodeBig"/>
    <property name="java.class.version" value="55.0"/>
    <property name="socksNonProxyHosts" value="local|*.local|169.254/16|*.169.254/16"/>
  </properties>
  <testcase name="testCollisionPutValues" classname="edu.yu.cs.com1320.project.stage3.impl.DocumentStoreImplTest" time="0.016"/>
  <testcase name="basicSearchDeleteTest" classname="edu.yu.cs.com1320.project.stage3.impl.DocumentStoreImplTest" time="0.008"/>
  <testcase name="testStackUriPutOverwrite" classname="edu.yu.cs.com1320.project.stage3.impl.DocumentStoreImplTest" time="0"/>
  <testcase name="testStackUndo" classname="edu.yu.cs.com1320.project.stage3.impl.DocumentStoreImplTest" time="0.001"/>
  <testcase name="hashTableImplReplacementTest" classname="edu.yu.cs.com1320.project.stage3.impl.DocumentStoreImplTest" time="0">
    <system-out><![CDATA[passed Test: hashTableImplReplacementTest
]]></system-out>
  </testcase>
  <testcase name="testUndoCommandSet2" classname="edu.yu.cs.com1320.project.stage3.impl.DocumentStoreImplTest" time="0.001"/>
  <testcase name="testUndoCommandSet" classname="edu.yu.cs.com1320.project.stage3.impl.DocumentStoreImplTest" time="0.003"/>
  <testcase name="testCollisionPutValues2" classname="edu.yu.cs.com1320.project.stage3.impl.DocumentStoreImplTest" time="0.001"/>
  <testcase name="DocumentStoreImplTest2" classname="edu.yu.cs.com1320.project.stage3.impl.DocumentStoreImplTest" time="0.001"/>
  <testcase name="hashTableImplALotOfInfoTest2" classname="edu.yu.cs.com1320.project.stage3.impl.DocumentStoreImplTest" time="0.004"/>
  <testcase name="testPointlessDeleteFullUndo" classname="edu.yu.cs.com1320.project.stage3.impl.DocumentStoreImplTest" time="0.001"/>
  <testcase name="testUndo" classname="edu.yu.cs.com1320.project.stage3.impl.DocumentStoreImplTest" time="0.038"/>
  <testcase name="basicCollision" classname="edu.yu.cs.com1320.project.stage3.impl.DocumentStoreImplTest" time="0">
    <system-out><![CDATA[passed Test: basicCollision
]]></system-out>
  </testcase>
  <testcase name="testThrowsException" classname="edu.yu.cs.com1320.project.stage3.impl.DocumentStoreImplTest" time="0"/>
  <testcase name="testPutNullDeletion" classname="edu.yu.cs.com1320.project.stage3.impl.DocumentStoreImplTest" time="0.001"/>
  <testcase name="testPutDocumentStoreAsBinary" classname="edu.yu.cs.com1320.project.stage3.impl.DocumentStoreImplTest" time="0.004"/>
  <testcase name="testStackUndoUri" classname="edu.yu.cs.com1320.project.stage3.impl.DocumentStoreImplTest" time="0.001"/>
  <testcase name="testUndoSpecificUri" classname="edu.yu.cs.com1320.project.stage3.impl.DocumentStoreImplTest" time="0"/>
  <testcase name="hashTableImplReplacementTest2" classname="edu.yu.cs.com1320.project.stage3.impl.DocumentStoreImplTest" time="0">
    <system-out><![CDATA[passed Test: hashTableImplReplacementTest2
]]></system-out>
  </testcase>
  <testcase name="hashTableImplReplacementTest3" classname="edu.yu.cs.com1320.project.stage3.impl.DocumentStoreImplTest" time="0"/>
  <testcase name="hashTableImplReplacementTest4" classname="edu.yu.cs.com1320.project.stage3.impl.DocumentStoreImplTest" time="0.001"/>
  <testcase name="undoTest2" classname="edu.yu.cs.com1320.project.stage3.impl.DocumentStoreImplTest" time="0"/>
  <testcase name="testPointlessPutEmptyUndo" classname="edu.yu.cs.com1320.project.stage3.impl.DocumentStoreImplTest" time="0"/>
  <testcase name="TestDeleteDocument" classname="edu.yu.cs.com1320.project.stage3.impl.DocumentStoreImplTest" time="0"/>
  <testcase name="addNewToStore" classname="edu.yu.cs.com1320.project.stage3.impl.DocumentStoreImplTest" time="0.002"/>
  <testcase name="undoTest" classname="edu.yu.cs.com1320.project.stage3.impl.DocumentStoreImplTest" time="0.004"/>
  <testcase name="testPutDocumentStoreAsText" classname="edu.yu.cs.com1320.project.stage3.impl.DocumentStoreImplTest" time="0.001"/>
  <testcase name="TestBasicBinaryDocument" classname="edu.yu.cs.com1320.project.stage3.impl.DocumentStoreImplTest" time="0"/>
  <testcase name="wordCountAndGetWordsTest" classname="edu.yu.cs.com1320.project.stage3.impl.DocumentStoreImplTest" time="0.003"/>
  <testcase name="basicCollision2" classname="edu.yu.cs.com1320.project.stage3.impl.DocumentStoreImplTest" time="0.001"/>
  <testcase name="testPointlessPutFullUndo" classname="edu.yu.cs.com1320.project.stage3.impl.DocumentStoreImplTest" time="0"/>
  <testcase name="testPutDocumentStoreAsText2" classname="edu.yu.cs.com1320.project.stage3.impl.DocumentStoreImplTest" time="0.001"/>
  <testcase name="testGetAndPutReturnValues" classname="edu.yu.cs.com1320.project.stage3.impl.DocumentStoreImplTest" time="0.012"/>
  <testcase name="hashTableImplSimplePutAndGet" classname="edu.yu.cs.com1320.project.stage3.impl.DocumentStoreImplTest" time="0"/>
  <testcase name="testDeleteAndDeleteAll" classname="edu.yu.cs.com1320.project.stage3.impl.DocumentStoreImplTest" time="0.003"/>
  <testcase name="testStackUriDeleteOverwriteMultipleDocs" classname="edu.yu.cs.com1320.project.stage3.impl.DocumentStoreImplTest" time="0.002"/>
  <testcase name="hashTableImplSimplePutAndGet2" classname="edu.yu.cs.com1320.project.stage3.impl.DocumentStoreImplTest" time="0"/>
  <testcase name="DocumentStoreImplTest" classname="edu.yu.cs.com1320.project.stage3.impl.DocumentStoreImplTest" time="0.003"/>
  <testcase name="HashEqualButNotEqual" classname="edu.yu.cs.com1320.project.stage3.impl.DocumentStoreImplTest" time="0.001"/>
  <testcase name="basicPutOverwriteTest" classname="edu.yu.cs.com1320.project.stage3.impl.DocumentStoreImplTest" time="0.001"/>
  <testcase name="testSimplePutValues2" classname="edu.yu.cs.com1320.project.stage3.impl.DocumentStoreImplTest" time="0"/>
  <testcase name="testStackUriDeleteOverwrite" classname="edu.yu.cs.com1320.project.stage3.impl.DocumentStoreImplTest" time="0.001"/>
  <testcase name="basicSameCell" classname="edu.yu.cs.com1320.project.stage3.impl.DocumentStoreImplTest" time="0"/>
  <testcase name="basicSearchAndOrganizationTest" classname="edu.yu.cs.com1320.project.stage3.impl.DocumentStoreImplTest" time="0.002"/>
  <testcase name="addOldToStore" classname="edu.yu.cs.com1320.project.stage3.impl.DocumentStoreImplTest" time="0.001"/>
  <testcase name="docTest2" classname="edu.yu.cs.com1320.project.stage3.impl.DocumentStoreImplTest" time="0"/>
  <testcase name="hashTableImplALotOfInfoTest" classname="edu.yu.cs.com1320.project.stage3.impl.DocumentStoreImplTest" time="0.002">
    <system-out><![CDATA[passed Test: hashTableImplALotOfInfoTest
]]></system-out>
  </testcase>
  <testcase name="testGetAndPut" classname="edu.yu.cs.com1320.project.stage3.impl.DocumentStoreImplTest" time="0.006"/>
  <testcase name="TestBasicTxtDocument" classname="edu.yu.cs.com1320.project.stage3.impl.DocumentStoreImplTest" time="0"/>
  <testcase name="testUndoWithArgs" classname="edu.yu.cs.com1320.project.stage3.impl.DocumentStoreImplTest" time="0.001"/>
  <testcase name="testUndoNoArgs" classname="edu.yu.cs.com1320.project.stage3.impl.DocumentStoreImplTest" time="0.001"/>
  <testcase name="testDelete" classname="edu.yu.cs.com1320.project.stage3.impl.DocumentStoreImplTest" time="0.004"/>
  <testcase name="testThrowException" classname="edu.yu.cs.com1320.project.stage3.impl.DocumentStoreImplTest" time="0.005"/>
  <testcase name="hashTableImplCollisionTest" classname="edu.yu.cs.com1320.project.stage3.impl.DocumentStoreImplTest" time="0">
    <system-out><![CDATA[passed Test: hashTableImplCollisionTest
]]></system-out>
  </testcase>
  <testcase name="testPutDocumentStoreAsBinary2" classname="edu.yu.cs.com1320.project.stage3.impl.DocumentStoreImplTest" time="0.005"/>
  <testcase name="testThrowException2" classname="edu.yu.cs.com1320.project.stage3.impl.DocumentStoreImplTest" time="0.001"/>
  <testcase name="basicGetAndPut" classname="edu.yu.cs.com1320.project.stage3.impl.DocumentStoreImplTest" time="0.001"/>
  <testcase name="hashTableDelNullPut" classname="edu.yu.cs.com1320.project.stage3.impl.DocumentStoreImplTest" time="0"/>
  <testcase name="removeCommandSet" classname="edu.yu.cs.com1320.project.stage3.impl.DocumentStoreImplTest" time="0"/>
  <testcase name="hashTableImplCollisionTest2" classname="edu.yu.cs.com1320.project.stage3.impl.DocumentStoreImplTest" time="0.001"/>
  <testcase name="docTest" classname="edu.yu.cs.com1320.project.stage3.impl.DocumentStoreImplTest" time="0">
    <system-out><![CDATA[passed Test: docTest
]]></system-out>
  </testcase>
  <testcase name="testPointlessDeleteEmptyUndo" classname="edu.yu.cs.com1320.project.stage3.impl.DocumentStoreImplTest" time="0.001"/>
  <testcase name="illegal" classname="edu.yu.cs.com1320.project.stage3.impl.DocumentStoreImplTest" time="0"/>
  <testcase name="testStackUriDeleteOverwriteNoParams" classname="edu.yu.cs.com1320.project.stage3.impl.DocumentStoreImplTest" time="0.001"/>
  <testcase name="testSimplePutValues" classname="edu.yu.cs.com1320.project.stage3.impl.DocumentStoreImplTest" time="0"/>
</testsuite>